#
# A fatal error has been detected by the Java Runtime Environment:
#
#  SIGFPE (0x8) at pc=0x000000010ee85aa8, pid=6288, tid=6659
#
# JRE version: Java(TM) SE Runtime Environment (8.0_91-b14) (build 1.8.0_91-b14)
# Java VM: Java HotSpot(TM) 64-Bit Server VM (25.91-b14 mixed mode bsd-amd64 compressed oops)
# Problematic frame:
# j  Calculator.divide(II)I+0
#
# Failed to write core dump. Core dumps have been disabled. To enable core dumping, try "ulimit -c unlimited" before starting Java again
#
# If you would like to submit a bug report, please visit:
#   http://bugreport.java.com/bugreport/crash.jsp
#

---------------  T H R E A D  ---------------

Current thread (0x00007fcab5009000):  JavaThread "main" [_thread_in_Java, id=6659, stack(0x00000003058be000,0x00000003059be000)]

siginfo: si_signo: 8 (SIGFPE), si_code: 5 (FPE_FLTINV), si_addr: 0x000000010ee85aa8

Registers:
RAX=0x0000000000000005, RBX=0x000000000000006c, RCX=0x0000000000000000, RDX=0x0000000000000000
RSP=0x00000003059bc888, RBP=0x00000003059bc8c8, RSI=0x0000000000000007, RDI=0x00007fcab5009000
R8 =0x00007fcab5009000, R9 =0x00007fcab5009000, R10=0x000000010d8f4990, R11=0x000000010ef7da00
R12=0x0000000000000000, R13=0x0000000127c3b5ca, R14=0x00000003059bc8e8, R15=0x00007fcab5009000
RIP=0x000000010ee85aa8, EFLAGS=0x0000000000000a87, ERR=0x0000000000000000
  TRAPNO=0x0000000000000000

Top of Stack: (sp=0x00000003059bc888)
0x00000003059bc888:   00000003059bc888 0000000127c3b5c8
0x00000003059bc898:   00000003059bc8e8 0000000127c3b848
0x00000003059bc8a8:   0000000000000000 0000000127c3b5f8
0x00000003059bc8b8:   0000000000000000 00000003059bc8d8
0x00000003059bc8c8:   00000003059bc930 000000010ee71d00
0x00000003059bc8d8:   0000000000000000 0000000000000005
0x00000003059bc8e8:   000000076b3a85f8 00000003059bc8f0
0x00000003059bc8f8:   0000000127bf0a9e 00000003059bc958
0x00000003059bc908:   0000000127bf3830 0000000000000000
0x00000003059bc918:   0000000127bf0b08 00000003059bc8d8
0x00000003059bc928:   00000003059bc958 00000003059bc9c0
0x00000003059bc938:   000000010ee6a7a7 0000000000000000
0x00000003059bc948:   000000076b3a8608 000000076b3a85f8
0x00000003059bc958:   000000076b38e358 0000000100001fa0
0x00000003059bc968:   000000000000000a 00007fcab5009000
0x00000003059bc978:   0000000000000001 000000010ee6a71f
0x00000003059bc988:   0000000127bf0b08 00000003059bca58
0x00000003059bc998:   00000003059bcdb0 000000010000000a
0x00000003059bc9a8:   0000000127bf0b08 000000010ee7cc80
0x00000003059bc9b8:   00000003059bcdc0 00000003059bcb70
0x00000003059bc9c8:   000000010d2ec1e6 0000000300000001
0x00000003059bc9d8:   00007fcab5009000 00000001278b5ec0
0x00000003059bc9e8:   00000003059bcdb0 00007fcab4a04758
0x00000003059bc9f8:   000000010ee7cc80 0000000100000000
0x00000003059bca08:   00000003059bcdb8 00000003059bcda8
0x00000003059bca18:   00007fcab5009000 00007fcab5009000
0x00000003059bca28:   00007fcab4a042a0 00007fcab4a04740
0x00000003059bca38:   00007fcab4a04770 00007fcab4a04828
0x00000003059bca48:   00000000000000d8 00000003059bdad0
0x00000003059bca58:   00007fcab5009000 00007fcab2f0da00
0x00000003059bca68:   0000000127bf0b08 000000076b38e358
0x00000003059bca78:   00000003059bd030 000000010ee813e8 

Instructions: (pc=0x000000010ee85aa8)
0x000000010ee85a88:   c8 8b 04 24 48 83 c4 08 81 f8 00 00 00 80 0f 85
0x000000010ee85a98:   0b 00 00 00 33 d2 83 f9 ff 0f 84 03 00 00 00 99
0x000000010ee85aa8:   f7 f9 41 0f b6 5d 01 49 ff c5 49 ba 90 49 8f 0d
0x000000010ee85ab8:   01 00 00 00 41 ff 24 da 80 00 00 00 00 00 00 00 

Register to memory mapping:

RAX=0x0000000000000005 is an unknown value
RBX=0x000000000000006c is an unknown value
RCX=0x0000000000000000 is an unknown value
RDX=0x0000000000000000 is an unknown value
RSP=0x00000003059bc888 is pointing into the stack for thread: 0x00007fcab5009000
RBP=0x00000003059bc8c8 is pointing into the stack for thread: 0x00007fcab5009000
RSI=0x0000000000000007 is an unknown value
RDI=0x00007fcab5009000 is a thread
R8 =0x00007fcab5009000 is a thread
R9 =0x00007fcab5009000 is a thread
R10=0x000000010d8f4990: _ZN19TemplateInterpreter13_active_tableE+0x2000 in /Library/Java/JavaVirtualMachines/jdk1.8.0_91.jdk/Contents/Home/jre/lib/server/libjvm.dylib at 0x000000010d000000
R11=0x000000010ef7da00 is at entry_point+32 in (nmethod*)0x000000010ef7d890
R12=0x0000000000000000 is an unknown value
R13=0x0000000127c3b5ca is pointing into metadata
R14=0x00000003059bc8e8 is pointing into the stack for thread: 0x00007fcab5009000
R15=0x00007fcab5009000 is a thread


Stack: [0x00000003058be000,0x00000003059be000],  sp=0x00000003059bc888,  free space=1018k
Native frames: (J=compiled Java code, j=interpreted, Vv=VM code, C=native code)
j  Calculator.divide(II)I+0
j  CalculatorTest.divideByZeroFailure()V+14
v  ~StubRoutines::call_stub
V  [libjvm.dylib+0x2ec1e6]  JavaCalls::call_helper(JavaValue*, methodHandle*, JavaCallArguments*, Thread*)+0x6ae
V  [libjvm.dylib+0x4ccdb4]  Reflection::invoke(instanceKlassHandle, methodHandle, Handle, bool, objArrayHandle, BasicType, objArrayHandle, bool, Thread*)+0xe12
V  [libjvm.dylib+0x4cd2e8]  Reflection::invoke_method(oopDesc*, Handle, objArrayHandle, Thread*)+0x16c
V  [libjvm.dylib+0x3445c8]  JVM_InvokeMethod+0x166
j  sun.reflect.NativeMethodAccessorImpl.invoke0(Ljava/lang/reflect/Method;Ljava/lang/Object;[Ljava/lang/Object;)Ljava/lang/Object;+0
j  sun.reflect.NativeMethodAccessorImpl.invoke(Ljava/lang/Object;[Ljava/lang/Object;)Ljava/lang/Object;+100
j  sun.reflect.DelegatingMethodAccessorImpl.invoke(Ljava/lang/Object;[Ljava/lang/Object;)Ljava/lang/Object;+6
j  java.lang.reflect.Method.invoke(Ljava/lang/Object;[Ljava/lang/Object;)Ljava/lang/Object;+56
j  org.junit.runners.model.FrameworkMethod$1.runReflectiveCall()Ljava/lang/Object;+15
j  org.junit.internal.runners.model.ReflectiveCallable.run()Ljava/lang/Object;+1
j  org.junit.runners.model.FrameworkMethod.invokeExplosively(Ljava/lang/Object;[Ljava/lang/Object;)Ljava/lang/Object;+10
j  org.junit.internal.runners.statements.InvokeMethod.evaluate()V+12
j  org.junit.runners.ParentRunner.runLeaf(Lorg/junit/runners/model/Statement;Lorg/junit/runner/Description;Lorg/junit/runner/notification/RunNotifier;)V+17
j  org.junit.runners.BlockJUnit4ClassRunner.runChild(Lorg/junit/runners/model/FrameworkMethod;Lorg/junit/runner/notification/RunNotifier;)V+30
j  org.junit.runners.BlockJUnit4ClassRunner.runChild(Ljava/lang/Object;Lorg/junit/runner/notification/RunNotifier;)V+6
j  org.junit.runners.ParentRunner$3.run()V+12
j  org.junit.runners.ParentRunner$1.schedule(Ljava/lang/Runnable;)V+1
j  org.junit.runners.ParentRunner.runChildren(Lorg/junit/runner/notification/RunNotifier;)V+44
j  org.junit.runners.ParentRunner.access$000(Lorg/junit/runners/ParentRunner;Lorg/junit/runner/notification/RunNotifier;)V+2
j  org.junit.runners.ParentRunner$2.evaluate()V+8
j  org.junit.runners.ParentRunner.run(Lorg/junit/runner/notification/RunNotifier;)V+20
j  org.junit.runner.JUnitCore.run(Lorg/junit/runner/Runner;)Lorg/junit/runner/Result;+37
j  com.intellij.junit4.JUnit4IdeaTestRunner.startRunnerWithArgs([Ljava/lang/String;Ljava/lang/String;IZ)I+166
j  com.intellij.rt.junit.IdeaTestRunner$Repeater.startRunnerWithArgs(Lcom/intellij/rt/junit/IdeaTestRunner;[Ljava/lang/String;Ljava/util/ArrayList;Ljava/lang/String;IZ)I+22
j  com.intellij.rt.junit.JUnitStarter.prepareStreamsAndStart([Ljava/lang/String;Ljava/lang/String;Ljava/util/ArrayList;Ljava/lang/String;)I+116
j  com.intellij.rt.junit.JUnitStarter.main([Ljava/lang/String;)V+97
v  ~StubRoutines::call_stub
V  [libjvm.dylib+0x2ec1e6]  JavaCalls::call_helper(JavaValue*, methodHandle*, JavaCallArguments*, Thread*)+0x6ae
V  [libjvm.dylib+0x322fbe]  jni_invoke_static(JNIEnv_*, JavaValue*, _jobject*, JNICallType, _jmethodID*, JNI_ArgumentPusher*, Thread*)+0x1bf
V  [libjvm.dylib+0x31bd35]  jni_CallStaticVoidMethod+0x15d
C  [java+0x393e]  JavaMain+0x9b1
C  [libsystem_pthread.dylib+0x6950]  _pthread_start+0xe0
C  [libsystem_pthread.dylib+0x247b]  thread_start+0xf
C  0x0000000000000000


---------------  P R O C E S S  ---------------

Java Threads: ( => current thread )
  0x00007fcab3827800 JavaThread "Service Thread" daemon [_thread_blocked, id=41487, stack(0x0000000306c05000,0x0000000306d05000)]
  0x00007fcab4042800 JavaThread "C1 CompilerThread3" daemon [_thread_blocked, id=41731, stack(0x0000000306b02000,0x0000000306c02000)]
  0x00007fca93037000 JavaThread "C2 CompilerThread2" daemon [_thread_blocked, id=23555, stack(0x00000003069ff000,0x0000000306aff000)]
  0x00007fca93036800 JavaThread "C2 CompilerThread1" daemon [_thread_in_native, id=42499, stack(0x00000003068fc000,0x00000003069fc000)]
  0x00007fcab4029800 JavaThread "C2 CompilerThread0" daemon [_thread_in_native, id=22787, stack(0x00000003067f9000,0x00000003068f9000)]
  0x00007fcab4027000 JavaThread "Monitor Ctrl-Break" daemon [_thread_in_native, id=22587, stack(0x00000003066f6000,0x00000003067f6000)]
  0x00007fcab3819000 JavaThread "Signal Dispatcher" daemon [_thread_blocked, id=43267, stack(0x00000003065f3000,0x00000003066f3000)]
  0x00007fcab3048000 JavaThread "Finalizer" daemon [_thread_blocked, id=14599, stack(0x00000003063df000,0x00000003064df000)]
  0x00007fcab3040000 JavaThread "Reference Handler" daemon [_thread_blocked, id=14119, stack(0x00000003062dc000,0x00000003063dc000)]
=>0x00007fcab5009000 JavaThread "main" [_thread_in_Java, id=6659, stack(0x00000003058be000,0x00000003059be000)]

Other Threads:
  0x00007fcab401c800 VMThread [stack: 0x00000003061d9000,0x00000003062d9000] [id=13571]
  0x00007fcab3825000 WatcherThread [stack: 0x0000000306d08000,0x0000000306e08000] [id=40971]

VM state:not at safepoint (normal execution)

VM Mutex/Monitor currently owned by a thread: None

Heap:
 PSYoungGen      total 76288K, used 9175K [0x000000076ab00000, 0x0000000770000000, 0x00000007c0000000)
  eden space 65536K, 14% used [0x000000076ab00000,0x000000076b3f5f70,0x000000076eb00000)
  from space 10752K, 0% used [0x000000076f580000,0x000000076f580000,0x0000000770000000)
  to   space 10752K, 0% used [0x000000076eb00000,0x000000076eb00000,0x000000076f580000)
 ParOldGen       total 175104K, used 0K [0x00000006c0000000, 0x00000006cab00000, 0x000000076ab00000)
  object space 175104K, 0% used [0x00000006c0000000,0x00000006c0000000,0x00000006cab00000)
 Metaspace       used 4565K, capacity 5126K, committed 5248K, reserved 1056768K
  class space    used 532K, capacity 561K, committed 640K, reserved 1048576K

Card table byte_map: [0x000000011e22a000,0x000000011ea2b000] byte_map_base: 0x000000011ac2a000

Marking Bits: (ParMarkBitMap*) 0x000000010d8e6eb0
 Begin Bits: [0x000000011ef81000, 0x0000000122f81000)
 End Bits:   [0x0000000122f81000, 0x0000000126f81000)

Polling page: 0x0000000108eb1000

CodeCache: size=245760Kb used=1688Kb max_used=1688Kb free=244071Kb
 bounds [0x000000010ee6a000, 0x000000010f0da000, 0x000000011de6a000]
 total_blobs=516 nmethods=244 adapters=183
 compilation: enabled

Compilation events (10 events):
Event: 0.414 Thread 0x00007fcab4042800  241  s    1       java.io.ByteArrayOutputStream::size (5 bytes)
Event: 0.414 Thread 0x00007fcab4042800 nmethod 241 0x000000010f002110 code [0x000000010f002260, 0x000000010f0024d0]
Event: 0.416 Thread 0x00007fcab4042800  242  s!   3       java.net.URLStreamHandler::getHostAddress (54 bytes)
Event: 0.416 Thread 0x00007fcab4042800 nmethod 242 0x000000010f001450 code [0x000000010f001600, 0x000000010f001dd8]
Event: 0.417 Thread 0x00007fcab4042800  243       3       java.io.UnixFileSystem::resolve (103 bytes)
Event: 0.418 Thread 0x00007fcab4029800  244  s!   4       sun.misc.URLClassPath::getLoader (197 bytes)
Event: 0.418 Thread 0x00007fcab4042800 nmethod 243 0x000000010f007d90 code [0x000000010f0080c0, 0x000000010f009bb8]
Event: 0.422 Thread 0x00007fcab4042800  245       3       java.io.File::<init> (113 bytes)
Event: 0.423 Thread 0x00007fcab4042800 nmethod 245 0x000000010f0032d0 code [0x000000010f003500, 0x000000010f003fb8]
Event: 0.425 Thread 0x00007fca93036800  246  s    4       sun.misc.URLClassPath::getNextLoader (88 bytes)

GC Heap History (0 events):
No events

Deoptimization events (0 events):
No events

Internal exceptions (3 events):
Event: 0.043 Thread 0x00007fcab5009000 Exception <a 'java/lang/NoSuchMethodError': Method sun.misc.Unsafe.defineClass(Ljava/lang/String;[BII)Ljava/lang/Class; name or signature does not match> (0x000000076ab07cc0) thrown at [/Users/java_re/workspace/8-2-build-macosx-x86_64/jdk8u91/6644/hotspot
Event: 0.044 Thread 0x00007fcab5009000 Exception <a 'java/lang/NoSuchMethodError': Method sun.misc.Unsafe.prefetchRead(Ljava/lang/Object;J)V name or signature does not match> (0x000000076ab07fa8) thrown at [/Users/java_re/workspace/8-2-build-macosx-x86_64/jdk8u91/6644/hotspot/src/share/vm/prim
Event: 0.188 Thread 0x00007fcab5009000 Exception <a 'java/io/FileNotFoundException'> (0x000000076af2eb60) thrown at [/Users/java_re/workspace/8-2-build-macosx-x86_64/jdk8u91/6644/hotspot/src/share/vm/prims/jni.cpp, line 709]

Events (10 events):
Event: 0.421 loading class org/junit/internal/runners/model/ReflectiveCallable
Event: 0.421 loading class org/junit/internal/runners/model/ReflectiveCallable done
Event: 0.423 loading class org/junit/rules/MethodRule
Event: 0.423 loading class org/junit/rules/MethodRule done
Event: 0.425 loading class org/junit/runner/notification/RunNotifier$3
Event: 0.425 loading class org/junit/runner/notification/RunNotifier$3 done
Event: 0.425 loading class org/junit/runners/model/FrameworkMethod$1
Event: 0.425 loading class org/junit/runners/model/FrameworkMethod$1 done
Event: 0.426 loading class Calculator
Event: 0.426 loading class Calculator done


Dynamic libraries:
0x00007ffdfff3a000 	/Library/Apple/usr/libexec/oah/runtime
0x0000000000018000 	/System/Library/Frameworks/Cocoa.framework/Versions/A/Cocoa
0x0000000000018000 	/System/Library/Frameworks/Security.framework/Versions/A/Security
0x0000000000018000 	/System/Library/Frameworks/ApplicationServices.framework/Versions/A/ApplicationServices
0x0000000000018000 	/usr/lib/libz.1.dylib
0x0000000000018000 	/usr/lib/libSystem.B.dylib
0x0000000000018000 	/usr/lib/libobjc.A.dylib
0x0000000000018000 	/System/Library/Frameworks/CoreFoundation.framework/Versions/A/CoreFoundation
0x0000000000018000 	/System/Library/Frameworks/Foundation.framework/Versions/C/Foundation
0x0000000000018000 	/System/Library/Frameworks/AppKit.framework/Versions/C/AppKit
0x0000000000018000 	/System/Library/Frameworks/CoreData.framework/Versions/A/CoreData
0x0000000000018000 	/System/Library/PrivateFrameworks/UIFoundation.framework/Versions/A/UIFoundation
0x0000000000018000 	/System/Library/PrivateFrameworks/RemoteViewServices.framework/Versions/A/RemoteViewServices
0x0000000000018000 	/System/Library/PrivateFrameworks/XCTTargetBootstrap.framework/Versions/A/XCTTargetBootstrap
0x0000000000018000 	/usr/lib/libspindump.dylib
0x0000000000018000 	/System/Library/Frameworks/UniformTypeIdentifiers.framework/Versions/A/UniformTypeIdentifiers
0x0000000000018000 	/usr/lib/libapp_launch_measurement.dylib
0x0000000000018000 	/System/Library/PrivateFrameworks/CoreAutoLayout.framework/Versions/A/CoreAutoLayout
0x0000000000018000 	/System/Library/Frameworks/Metal.framework/Versions/A/Metal
0x0000000000018000 	/usr/lib/liblangid.dylib
0x0000000000018000 	/System/Library/PrivateFrameworks/CoreSVG.framework/Versions/A/CoreSVG
0x0000000000018000 	/System/Library/PrivateFrameworks/SkyLight.framework/Versions/A/SkyLight
0x0000000000018000 	/System/Library/Frameworks/CoreGraphics.framework/Versions/A/CoreGraphics
0x0000000000018000 	/System/Library/Frameworks/Accelerate.framework/Versions/A/Accelerate
0x0000000000018000 	/System/Library/PrivateFrameworks/IconServices.framework/Versions/A/IconServices
0x0000000000018000 	/System/Library/Frameworks/IOSurface.framework/Versions/A/IOSurface
0x0000000000018000 	/usr/lib/libDiagnosticMessagesClient.dylib
0x0000000000018000 	/System/Library/PrivateFrameworks/DFRFoundation.framework/Versions/A/DFRFoundation
0x0000000000018000 	/usr/lib/libicucore.A.dylib
0x0000000000018000 	/System/Library/Frameworks/AudioToolbox.framework/Versions/A/AudioToolbox
0x0000000000018000 	/System/Library/PrivateFrameworks/DataDetectorsCore.framework/Versions/A/DataDetectorsCore
0x0000000000018000 	/System/Library/Frameworks/Carbon.framework/Versions/A/Frameworks/HIToolbox.framework/Versions/A/HIToolbox
0x0000000000018000 	/System/Library/Frameworks/QuartzCore.framework/Versions/A/QuartzCore
0x0000000000018000 	/System/Library/Frameworks/Carbon.framework/Versions/A/Frameworks/SpeechRecognition.framework/Versions/A/SpeechRecognition
0x0000000000018000 	/System/Library/PrivateFrameworks/CoreUI.framework/Versions/A/CoreUI
0x0000000000018000 	/System/Library/Frameworks/CoreAudio.framework/Versions/A/CoreAudio
0x0000000000018000 	/System/Library/Frameworks/DiskArbitration.framework/Versions/A/DiskArbitration
0x0000000000018000 	/System/Library/PrivateFrameworks/MultitouchSupport.framework/Versions/A/MultitouchSupport
0x0000000000018000 	/System/Library/PrivateFrameworks/InternationalSupport.framework/Versions/A/InternationalSupport
0x0000000000018000 	/usr/lib/libenergytrace.dylib
0x0000000000018000 	/System/Library/Frameworks/IOKit.framework/Versions/A/IOKit
0x0000000000018000 	/System/Library/Frameworks/CoreServices.framework/Versions/A/CoreServices
0x0000000000018000 	/System/Library/PrivateFrameworks/PerformanceAnalysis.framework/Versions/A/PerformanceAnalysis
0x0000000000018000 	/System/Library/Frameworks/OpenGL.framework/Versions/A/OpenGL
0x0000000000018000 	/System/Library/PrivateFrameworks/UserActivity.framework/Versions/A/UserActivity
0x0000000000018000 	/System/Library/Frameworks/ColorSync.framework/Versions/A/ColorSync
0x0000000000018000 	/System/Library/Frameworks/CoreImage.framework/Versions/A/CoreImage
0x0000000000018000 	/System/Library/Frameworks/CoreText.framework/Versions/A/CoreText
0x0000000000018000 	/System/Library/Frameworks/ImageIO.framework/Versions/A/ImageIO
0x0000000000018000 	/System/Library/PrivateFrameworks/SoftLinking.framework/Versions/A/SoftLinking
0x0000000000018000 	/usr/lib/libxml2.2.dylib
0x0000000000018000 	/usr/lib/libc++.1.dylib
0x0000000000018000 	/usr/lib/libcompression.dylib
0x0000000000018000 	/usr/lib/libMobileGestalt.dylib
0x0000000000018000 	/System/Library/PrivateFrameworks/TextureIO.framework/Versions/A/TextureIO
0x0000000000018000 	/usr/lib/libate.dylib
0x0000000000018000 	/usr/lib/system/libcache.dylib
0x0000000000018000 	/usr/lib/system/libcommonCrypto.dylib
0x0000000000018000 	/usr/lib/system/libcompiler_rt.dylib
0x0000000000018000 	/usr/lib/system/libcopyfile.dylib
0x0000000000018000 	/usr/lib/system/libcorecrypto.dylib
0x0000000000018000 	/usr/lib/system/libdispatch.dylib
0x0000000000018000 	/usr/lib/system/libdyld.dylib
0x0000000000018000 	/usr/lib/system/libkeymgr.dylib
0x0000000000018000 	/usr/lib/system/liblaunch.dylib
0x0000000000018000 	/usr/lib/system/libmacho.dylib
0x0000000000018000 	/usr/lib/system/libquarantine.dylib
0x0000000000018000 	/usr/lib/system/libremovefile.dylib
0x0000000000018000 	/usr/lib/system/libsystem_asl.dylib
0x0000000000018000 	/usr/lib/system/libsystem_blocks.dylib
0x0000000000018000 	/usr/lib/system/libsystem_c.dylib
0x0000000000018000 	/usr/lib/system/libsystem_collections.dylib
0x0000000000018000 	/usr/lib/system/libsystem_configuration.dylib
0x0000000000018000 	/usr/lib/system/libsystem_containermanager.dylib
0x0000000000018000 	/usr/lib/system/libsystem_coreservices.dylib
0x0000000000018000 	/usr/lib/system/libsystem_darwin.dylib
0x0000000000018000 	/usr/lib/system/libsystem_dnssd.dylib
0x0000000000018000 	/usr/lib/system/libsystem_featureflags.dylib
0x0000000000018000 	/usr/lib/system/libsystem_info.dylib
0x0000000000018000 	/usr/lib/system/libsystem_m.dylib
0x0000000000018000 	/usr/lib/system/libsystem_malloc.dylib
0x0000000000018000 	/usr/lib/system/libsystem_networkextension.dylib
0x0000000000018000 	/usr/lib/system/libsystem_notify.dylib
0x0000000000018000 	/usr/lib/system/libsystem_product_info_filter.dylib
0x0000000000018000 	/usr/lib/system/libsystem_sandbox.dylib
0x0000000000018000 	/usr/lib/system/libsystem_secinit.dylib
0x0000000000018000 	/usr/lib/system/libsystem_kernel.dylib
0x0000000000018000 	/usr/lib/system/libsystem_platform.dylib
0x0000000000018000 	/usr/lib/system/libsystem_pthread.dylib
0x0000000000018000 	/usr/lib/system/libsystem_symptoms.dylib
0x0000000000018000 	/usr/lib/system/libsystem_trace.dylib
0x0000000000018000 	/usr/lib/system/libunwind.dylib
0x0000000000018000 	/usr/lib/system/libxpc.dylib
0x0000000000018000 	/usr/lib/libc++abi.dylib
0x0000000000018000 	/usr/lib/liboah.dylib
0x0000000000018000 	/usr/lib/liblzma.5.dylib
0x0000000000018000 	/System/Library/Frameworks/SystemConfiguration.framework/Versions/A/SystemConfiguration
0x0000000000018000 	/usr/lib/libfakelink.dylib
0x0000000000018000 	/System/Library/Frameworks/CFNetwork.framework/Versions/A/CFNetwork
0x0000000000018000 	/usr/lib/libarchive.2.dylib
0x0000000000018000 	/usr/lib/libCRFSuite.dylib
0x0000000000018000 	/usr/lib/libbsm.0.dylib
0x0000000000018000 	/usr/lib/libnetwork.dylib
0x0000000000018000 	/usr/lib/libpcap.A.dylib
0x0000000000018000 	/usr/lib/libdns_services.dylib
0x0000000000018000 	/usr/lib/libcoretls_cfhelpers.dylib
0x0000000000018000 	/usr/lib/libapple_nghttp2.dylib
0x0000000000018000 	/usr/lib/system/libkxld.dylib
0x0000000000018000 	/usr/lib/libsqlite3.dylib
0x0000000000018000 	/System/Library/PrivateFrameworks/AppleFSCompression.framework/Versions/A/AppleFSCompression
0x0000000000018000 	/usr/lib/libcoretls.dylib
0x0000000000018000 	/usr/lib/libpam.2.dylib
0x0000000000018000 	/usr/lib/libxar.1.dylib
0x0000000000018000 	/System/Library/PrivateFrameworks/AppleSystemInfo.framework/Versions/A/AppleSystemInfo
0x0000000000018000 	/System/Library/PrivateFrameworks/IOMobileFramebuffer.framework/Versions/A/IOMobileFramebuffer
0x0000000000018000 	/usr/lib/libbz2.1.0.dylib
0x0000000000018000 	/usr/lib/libiconv.2.dylib
0x0000000000018000 	/usr/lib/libcharset.1.dylib
0x0000000000018000 	/System/Library/Frameworks/CoreServices.framework/Versions/A/Frameworks/FSEvents.framework/Versions/A/FSEvents
0x0000000000018000 	/System/Library/Frameworks/CoreServices.framework/Versions/A/Frameworks/CarbonCore.framework/Versions/A/CarbonCore
0x0000000000018000 	/System/Library/Frameworks/CoreServices.framework/Versions/A/Frameworks/Metadata.framework/Versions/A/Metadata
0x0000000000018000 	/System/Library/Frameworks/CoreServices.framework/Versions/A/Frameworks/OSServices.framework/Versions/A/OSServices
0x0000000000018000 	/System/Library/Frameworks/CoreServices.framework/Versions/A/Frameworks/SearchKit.framework/Versions/A/SearchKit
0x0000000000018000 	/System/Library/Frameworks/CoreServices.framework/Versions/A/Frameworks/AE.framework/Versions/A/AE
0x0000000000018000 	/System/Library/Frameworks/CoreServices.framework/Versions/A/Frameworks/LaunchServices.framework/Versions/A/LaunchServices
0x0000000000018000 	/System/Library/Frameworks/CoreServices.framework/Versions/A/Frameworks/DictionaryServices.framework/Versions/A/DictionaryServices
0x0000000000018000 	/System/Library/Frameworks/CoreServices.framework/Versions/A/Frameworks/SharedFileList.framework/Versions/A/SharedFileList
0x0000000000018000 	/usr/lib/libCheckFix.dylib
0x0000000000018000 	/System/Library/PrivateFrameworks/TCC.framework/Versions/A/TCC
0x0000000000018000 	/System/Library/PrivateFrameworks/CoreNLP.framework/Versions/A/CoreNLP
0x0000000000018000 	/System/Library/PrivateFrameworks/MetadataUtilities.framework/Versions/A/MetadataUtilities
0x0000000000018000 	/usr/lib/libmecabra.dylib
0x0000000000018000 	/System/Library/Frameworks/MLCompute.framework/Versions/A/MLCompute
0x0000000000018000 	/usr/lib/libmecab.dylib
0x0000000000018000 	/usr/lib/libgermantok.dylib
0x0000000000018000 	/usr/lib/libThaiTokenizer.dylib
0x0000000000018000 	/usr/lib/libChineseTokenizer.dylib
0x0000000000018000 	/System/Library/Frameworks/MetalPerformanceShaders.framework/Versions/A/MetalPerformanceShaders
0x0000000000018000 	/System/Library/Frameworks/Accelerate.framework/Versions/A/Frameworks/vImage.framework/Versions/A/vImage
0x0000000000018000 	/System/Library/Frameworks/Accelerate.framework/Versions/A/Frameworks/vecLib.framework/Versions/A/vecLib
0x0000000000018000 	/System/Library/Frameworks/Accelerate.framework/Versions/A/Frameworks/vecLib.framework/Versions/A/libvMisc.dylib
0x0000000000018000 	/System/Library/Frameworks/Accelerate.framework/Versions/A/Frameworks/vecLib.framework/Versions/A/libvDSP.dylib
0x0000000000018000 	/System/Library/Frameworks/Accelerate.framework/Versions/A/Frameworks/vecLib.framework/Versions/A/libBLAS.dylib
0x0000000000018000 	/System/Library/Frameworks/Accelerate.framework/Versions/A/Frameworks/vecLib.framework/Versions/A/libLAPACK.dylib
0x0000000000018000 	/System/Library/Frameworks/Accelerate.framework/Versions/A/Frameworks/vecLib.framework/Versions/A/libLinearAlgebra.dylib
0x0000000000018000 	/System/Library/Frameworks/Accelerate.framework/Versions/A/Frameworks/vecLib.framework/Versions/A/libSparseBLAS.dylib
0x0000000000018000 	/System/Library/Frameworks/Accelerate.framework/Versions/A/Frameworks/vecLib.framework/Versions/A/libQuadrature.dylib
0x0000000000018000 	/System/Library/Frameworks/Accelerate.framework/Versions/A/Frameworks/vecLib.framework/Versions/A/libBNNS.dylib
0x0000000000018000 	/System/Library/Frameworks/Accelerate.framework/Versions/A/Frameworks/vecLib.framework/Versions/A/libSparse.dylib
0x0000000000018000 	/System/Library/Frameworks/MetalPerformanceShaders.framework/Versions/A/Frameworks/MPSCore.framework/Versions/A/MPSCore
0x0000000000018000 	/System/Library/Frameworks/MetalPerformanceShaders.framework/Versions/A/Frameworks/MPSImage.framework/Versions/A/MPSImage
0x0000000000018000 	/System/Library/Frameworks/MetalPerformanceShaders.framework/Versions/A/Frameworks/MPSNeuralNetwork.framework/Versions/A/MPSNeuralNetwork
0x0000000000018000 	/System/Library/Frameworks/MetalPerformanceShaders.framework/Versions/A/Frameworks/MPSMatrix.framework/Versions/A/MPSMatrix
0x0000000000018000 	/System/Library/Frameworks/MetalPerformanceShaders.framework/Versions/A/Frameworks/MPSRayIntersector.framework/Versions/A/MPSRayIntersector
0x0000000000018000 	/System/Library/Frameworks/MetalPerformanceShaders.framework/Versions/A/Frameworks/MPSNDArray.framework/Versions/A/MPSNDArray
0x0000000000018000 	/System/Library/PrivateFrameworks/MetalTools.framework/Versions/A/MetalTools
0x0000000000018000 	/System/Library/PrivateFrameworks/AggregateDictionary.framework/Versions/A/AggregateDictionary
0x0000000000018000 	/System/Library/PrivateFrameworks/CoreAnalytics.framework/Versions/A/CoreAnalytics
0x0000000000018000 	/System/Library/PrivateFrameworks/AppleSauce.framework/Versions/A/AppleSauce
0x0000000000018000 	/System/Library/PrivateFrameworks/IOAccelerator.framework/Versions/A/IOAccelerator
0x0000000000018000 	/System/Library/Frameworks/OpenGL.framework/Versions/A/Libraries/libCoreFSCache.dylib
0x0000000000018000 	/System/Library/PrivateFrameworks/LanguageModeling.framework/Versions/A/LanguageModeling
0x0000000000018000 	/System/Library/PrivateFrameworks/CoreEmoji.framework/Versions/A/CoreEmoji
0x0000000000018000 	/System/Library/PrivateFrameworks/LinguisticData.framework/Versions/A/LinguisticData
0x0000000000018000 	/System/Library/PrivateFrameworks/Lexicon.framework/Versions/A/Lexicon
0x0000000000018000 	/usr/lib/libcmph.dylib
0x0000000000018000 	/System/Library/Frameworks/OpenDirectory.framework/Versions/A/Frameworks/CFOpenDirectory.framework/Versions/A/CFOpenDirectory
0x0000000000018000 	/System/Library/Frameworks/OpenDirectory.framework/Versions/A/OpenDirectory
0x0000000000018000 	/System/Library/PrivateFrameworks/APFS.framework/Versions/A/APFS
0x0000000000018000 	/System/Library/Frameworks/SecurityFoundation.framework/Versions/A/SecurityFoundation
0x0000000000018000 	/usr/lib/libutil.dylib
0x0000000000018000 	/System/Library/PrivateFrameworks/CoreServicesStore.framework/Versions/A/CoreServicesStore
0x0000000000018000 	/System/Library/Frameworks/ServiceManagement.framework/Versions/A/ServiceManagement
0x0000000000018000 	/usr/lib/libxslt.1.dylib
0x0000000000018000 	/System/Library/PrivateFrameworks/BackgroundTaskManagement.framework/Versions/A/BackgroundTaskManagement
0x0000000000018000 	/System/Library/Frameworks/ImageIO.framework/Versions/A/Resources/libRadiance.dylib
0x0000000000018000 	/System/Library/Frameworks/ImageIO.framework/Versions/A/Resources/libJPEG.dylib
0x0000000000018000 	/System/Library/Frameworks/ImageIO.framework/Versions/A/Resources/libPng.dylib
0x0000000000018000 	/System/Library/Frameworks/ImageIO.framework/Versions/A/Resources/libTIFF.dylib
0x0000000000018000 	/System/Library/Frameworks/ImageIO.framework/Versions/A/Resources/libGIF.dylib
0x0000000000018000 	/System/Library/Frameworks/ImageIO.framework/Versions/A/Resources/libJP2.dylib
0x0000000000018000 	/usr/lib/libexpat.1.dylib
0x0000000000018000 	/System/Library/PrivateFrameworks/AppleJPEG.framework/Versions/A/AppleJPEG
0x0000000000018000 	/System/Library/PrivateFrameworks/FontServices.framework/libFontParser.dylib
0x0000000000018000 	/System/Library/PrivateFrameworks/RunningBoardServices.framework/Versions/A/RunningBoardServices
0x0000000000018000 	/System/Library/PrivateFrameworks/WatchdogClient.framework/Versions/A/WatchdogClient
0x0000000000018000 	/System/Library/Frameworks/CoreDisplay.framework/Versions/A/CoreDisplay
0x0000000000018000 	/System/Library/Frameworks/CoreMedia.framework/Versions/A/CoreMedia
0x0000000000018000 	/System/Library/Frameworks/CoreVideo.framework/Versions/A/CoreVideo
0x0000000000018000 	/System/Library/Frameworks/VideoToolbox.framework/Versions/A/VideoToolbox
0x0000000000018000 	/System/Library/PrivateFrameworks/BaseBoard.framework/Versions/A/BaseBoard
0x0000000000018000 	/System/Library/PrivateFrameworks/PersistentConnection.framework/Versions/A/PersistentConnection
0x0000000000018000 	/System/Library/PrivateFrameworks/ProtocolBuffer.framework/Versions/A/ProtocolBuffer
0x0000000000018000 	/System/Library/PrivateFrameworks/CommonUtilities.framework/Versions/A/CommonUtilities
0x0000000000018000 	/System/Library/PrivateFrameworks/Bom.framework/Versions/A/Bom
0x0000000000018000 	/System/Library/PrivateFrameworks/GPUWrangler.framework/Versions/A/GPUWrangler
0x0000000000018000 	/System/Library/PrivateFrameworks/IOPresentment.framework/Versions/A/IOPresentment
0x0000000000018000 	/System/Library/PrivateFrameworks/DSExternalDisplay.framework/Versions/A/DSExternalDisplay
0x0000000000018000 	/System/Library/PrivateFrameworks/CMCaptureCore.framework/Versions/A/CMCaptureCore
0x0000000000018000 	/System/Library/PrivateFrameworks/AppServerSupport.framework/Versions/A/AppServerSupport
0x0000000000018000 	/System/Library/PrivateFrameworks/perfdata.framework/Versions/A/perfdata
0x0000000000018000 	/System/Library/PrivateFrameworks/AssertionServices.framework/Versions/A/AssertionServices
0x0000000000018000 	/System/Library/PrivateFrameworks/AudioToolboxCore.framework/Versions/A/AudioToolboxCore
0x0000000000018000 	/System/Library/PrivateFrameworks/caulk.framework/Versions/A/caulk
0x0000000000018000 	/System/Library/PrivateFrameworks/SystemPolicy.framework/Versions/A/SystemPolicy
0x0000000000018000 	/usr/lib/libIOReport.dylib
0x0000000000018000 	/usr/lib/libSMC.dylib
0x0000000000018000 	/usr/lib/libAudioToolboxUtility.dylib
0x0000000000018000 	/usr/lib/libmis.dylib
0x0000000000018000 	/System/Library/Frameworks/OpenGL.framework/Versions/A/Libraries/libGLU.dylib
0x0000000000018000 	/System/Library/Frameworks/OpenGL.framework/Versions/A/Libraries/libGFXShared.dylib
0x0000000000018000 	/System/Library/Frameworks/OpenGL.framework/Versions/A/Libraries/libGL.dylib
0x0000000000018000 	/System/Library/Frameworks/OpenGL.framework/Versions/A/Libraries/libGLImage.dylib
0x0000000000018000 	/System/Library/Frameworks/OpenGL.framework/Versions/A/Libraries/libCVMSPluginSupport.dylib
0x0000000000018000 	/System/Library/Frameworks/OpenGL.framework/Versions/A/Libraries/libCoreVMClient.dylib
0x0000000000018000 	/System/Library/Frameworks/OpenCL.framework/Versions/A/OpenCL
0x0000000000018000 	/System/Library/PrivateFrameworks/GraphVisualizer.framework/Versions/A/GraphVisualizer
0x0000000000018000 	/System/Library/PrivateFrameworks/FaceCore.framework/Versions/A/FaceCore
0x0000000000018000 	/System/Library/PrivateFrameworks/OTSVG.framework/Versions/A/OTSVG
0x0000000000018000 	/System/Library/Frameworks/ApplicationServices.framework/Versions/A/Frameworks/ATS.framework/Versions/A/Resources/libFontRegistry.dylib
0x0000000000018000 	/System/Library/PrivateFrameworks/FontServices.framework/libhvf.dylib
0x0000000000018000 	/System/Library/PrivateFrameworks/AppleVA.framework/Versions/A/AppleVA
0x0000000000018000 	/System/Library/Frameworks/ApplicationServices.framework/Versions/A/Frameworks/ATS.framework/Versions/A/ATS
0x0000000000018000 	/System/Library/Frameworks/ApplicationServices.framework/Versions/A/Frameworks/ColorSyncLegacy.framework/Versions/A/ColorSyncLegacy
0x0000000000018000 	/System/Library/Frameworks/ApplicationServices.framework/Versions/A/Frameworks/HIServices.framework/Versions/A/HIServices
0x0000000000018000 	/System/Library/Frameworks/ApplicationServices.framework/Versions/A/Frameworks/LangAnalysis.framework/Versions/A/LangAnalysis
0x0000000000018000 	/System/Library/Frameworks/ApplicationServices.framework/Versions/A/Frameworks/PrintCore.framework/Versions/A/PrintCore
0x0000000000018000 	/System/Library/Frameworks/ApplicationServices.framework/Versions/A/Frameworks/QD.framework/Versions/A/QD
0x0000000000018000 	/System/Library/Frameworks/ApplicationServices.framework/Versions/A/Frameworks/SpeechSynthesis.framework/Versions/A/SpeechSynthesis
0x0000000000018000 	/System/Library/Frameworks/ApplicationServices.framework/Versions/A/Frameworks/ATSUI.framework/Versions/A/ATSUI
0x0000000000018000 	/usr/lib/libcups.2.dylib
0x0000000000018000 	/System/Library/PrivateFrameworks/NetAuth.framework/Versions/A/NetAuth
0x0000000000018000 	/System/Library/Frameworks/Kerberos.framework/Versions/A/Kerberos
0x0000000000018000 	/System/Library/Frameworks/GSS.framework/Versions/A/GSS
0x0000000000018000 	/usr/lib/libresolv.9.dylib
0x0000000000018000 	/System/Library/PrivateFrameworks/Heimdal.framework/Versions/A/Heimdal
0x0000000000018000 	/System/Library/Frameworks/Kerberos.framework/Versions/A/Libraries/libHeimdalProxy.dylib
0x0000000000018000 	/System/Library/Frameworks/Network.framework/Versions/A/Network
0x0000000000018000 	/usr/lib/libheimdal-asn1.dylib
0x0000000000018000 	/System/Library/PrivateFrameworks/CommonAuth.framework/Versions/A/CommonAuth
0x0000000000018000 	/System/Library/PrivateFrameworks/login.framework/Versions/A/Frameworks/loginsupport.framework/Versions/A/loginsupport
0x0000000000018000 	/System/Library/PrivateFrameworks/AudioSession.framework/Versions/A/AudioSession
0x0000000000018000 	/usr/lib/libAudioStatistics.dylib
0x0000000000018000 	/System/Library/PrivateFrameworks/MediaExperience.framework/Versions/A/MediaExperience
0x0000000000018000 	/System/Library/PrivateFrameworks/AudioSession.framework/libSessionUtility.dylib
0x0000000000018000 	/usr/lib/libperfcheck.dylib
0x0000000000018000 	/System/Library/PrivateFrameworks/AudioResourceArbitration.framework/Versions/A/AudioResourceArbitration
0x0000000000018000 	/System/Library/PrivateFrameworks/IconFoundation.framework/Versions/A/IconFoundation
0x0000000000018000 	/System/Library/PrivateFrameworks/SpeechRecognitionCore.framework/Versions/A/SpeechRecognitionCore
0x000000010d000000 	/Library/Java/JavaVirtualMachines/jdk1.8.0_91.jdk/Contents/Home/jre/lib/server/libjvm.dylib
0x0000000000018000 	/usr/lib/libstdc++.6.dylib
0x0000000108e1d000 	/Library/Java/JavaVirtualMachines/jdk1.8.0_91.jdk/Contents/Home/jre/lib/libverify.dylib
0x0000000108e3d000 	/Library/Java/JavaVirtualMachines/jdk1.8.0_91.jdk/Contents/Home/jre/lib/libjava.dylib
0x0000000108eb2000 	/Library/Java/JavaVirtualMachines/jdk1.8.0_91.jdk/Contents/Home/jre/lib/libinstrument.dylib
0x0000000108f57000 	/Library/Java/JavaVirtualMachines/jdk1.8.0_91.jdk/Contents/Home/jre/lib/libzip.dylib
0x0000000000018000 	/System/Library/Frameworks/JavaRuntimeSupport.framework/Versions/A/JavaRuntimeSupport
0x0000000000018000 	/System/Library/Frameworks/Carbon.framework/Versions/A/Carbon
0x0000000000018000 	/System/Library/PrivateFrameworks/CoreSymbolication.framework/Versions/A/CoreSymbolication
0x0000000000018000 	/System/Library/Frameworks/Carbon.framework/Versions/A/Frameworks/CommonPanels.framework/Versions/A/CommonPanels
0x0000000000018000 	/System/Library/Frameworks/Carbon.framework/Versions/A/Frameworks/Help.framework/Versions/A/Help
0x0000000000018000 	/System/Library/Frameworks/Carbon.framework/Versions/A/Frameworks/ImageCapture.framework/Versions/A/ImageCapture
0x0000000000018000 	/System/Library/Frameworks/Carbon.framework/Versions/A/Frameworks/OpenScripting.framework/Versions/A/OpenScripting
0x0000000000018000 	/System/Library/Frameworks/Carbon.framework/Versions/A/Frameworks/Ink.framework/Versions/A/Ink
0x0000000000018000 	/System/Library/Frameworks/Carbon.framework/Versions/A/Frameworks/Print.framework/Versions/A/Print
0x0000000000018000 	/System/Library/Frameworks/Carbon.framework/Versions/A/Frameworks/SecurityHI.framework/Versions/A/SecurityHI
0x0000000000018000 	/System/Library/PrivateFrameworks/DebugSymbols.framework/Versions/A/DebugSymbols
0x0000000129e73000 	/Library/Java/JavaVirtualMachines/jdk1.8.0_91.jdk/Contents/Home/jre/lib/libnet.dylib

VM Arguments:
jvm_args: -ea -Didea.test.cyclic.buffer.size=1048576 -javaagent:/Applications/IntelliJ IDEA CE.app/Contents/lib/idea_rt.jar=54778:/Applications/IntelliJ IDEA CE.app/Contents/bin -Dfile.encoding=UTF-8 
java_command: com.intellij.rt.junit.JUnitStarter -ideVersion5 -junit4 CalculatorTest,divideByZeroFailure
java_class_path (initial): /Applications/IntelliJ IDEA CE.app/Contents/lib/idea_rt.jar:/Applications/IntelliJ IDEA CE.app/Contents/plugins/junit/lib/junit5-rt.jar:/Applications/IntelliJ IDEA CE.app/Contents/plugins/junit/lib/junit-rt.jar:/Library/Java/JavaVirtualMachines/jdk1.8.0_91.jdk/Contents/Home/jre/lib/charsets.jar:/Library/Java/JavaVirtualMachines/jdk1.8.0_91.jdk/Contents/Home/jre/lib/deploy.jar:/Library/Java/JavaVirtualMachines/jdk1.8.0_91.jdk/Contents/Home/jre/lib/ext/cldrdata.jar:/Library/Java/JavaVirtualMachines/jdk1.8.0_91.jdk/Contents/Home/jre/lib/ext/dnsns.jar:/Library/Java/JavaVirtualMachines/jdk1.8.0_91.jdk/Contents/Home/jre/lib/ext/jaccess.jar:/Library/Java/JavaVirtualMachines/jdk1.8.0_91.jdk/Contents/Home/jre/lib/ext/jfxrt.jar:/Library/Java/JavaVirtualMachines/jdk1.8.0_91.jdk/Contents/Home/jre/lib/ext/localedata.jar:/Library/Java/JavaVirtualMachines/jdk1.8.0_91.jdk/Contents/Home/jre/lib/ext/nashorn.jar:/Library/Java/JavaVirtualMachines/jdk1.8.0_91.jdk/Contents/Home/jre/lib/ext/sunec.jar:/Library/Java/JavaVirtualMachines/jdk1.8.0_91.jdk/Contents/Home/jre/lib/ext/sunjce_provider.jar:/Library/Java/JavaVirtualMachines/jdk1.8.0_91.jdk/Contents/Home/jre/lib/ext/sunpkcs11.jar:/Library/Java/JavaVirtualMachines/jdk1.8.0_91.jdk/Contents/Home/jre/lib/ext/zipfs.jar:/Library/Java/JavaVirtualMachines/jdk1.8.0_91.jdk/Contents/Home/jre/lib/javaws.jar:/Library/Java/JavaVirtualMachines/jdk1.8.0_91.jdk/Contents/Home/jre/lib/jce.jar:/Library/Java/JavaVirtualMachines/jdk1.8.0_91.jdk/Contents/Home/jre/lib/jfr.jar:/Library/Java/JavaVirtualMachines/jdk1.8.0_91.jdk/Contents/Home/jre/lib/jfxswt.jar:/Library/Java/JavaVirtualMachines/jdk1.8.0_91.jdk/Contents/Home/jre/lib/jsse.jar:/Library/Java/JavaVirtualMachines/jdk1.8.0_91.jdk/Contents/Home/jre/lib/management-agent.jar:/Library/Java/JavaVirtualMachines/jdk1.8.0_91.jdk/Contents/Home/jre/lib/plugin.jar:/Library/Java/JavaVirtualMachines/jdk1.8.0_91.jdk/Contents/Home/jre/lib/resources.jar:/Library/Java/JavaVirtualMachines/jdk
Launcher Type: SUN_STANDARD

Environment Variables:
PATH=/Users/jamesrobinson/google-cloud-sdk/bin:/Users/jamesrobinson/.nvm/versions/node/v10.23.0/bin:/usr/local/bin:/usr/bin:/bin:/usr/sbin:/sbin:/Applications/VMware Fusion.app/Contents/Public:/Library/TeX/texbin:/usr/local/MacGPG2/bin:/opt/X11/bin:/Library/Apple/usr/bin:/Users/jamesrobinson/.local/bin:/Users/jamesrobinson/.local/bin:/Users/jamesrobinson/.local/bin
SHELL=/bin/bash
DISPLAY=/private/tmp/com.apple.launchd.ltYfGj5eVc/org.macosforge.xquartz:0

Signal Handlers:
SIGSEGV: [libjvm.dylib+0x5a97a1], sa_mask[0]=11111111111111111111111111111111, sa_flags=SA_ONSTACK|SA_RESTART|SA_SIGINFO
SIGBUS: [libjvm.dylib+0x5a97a1], sa_mask[0]=11111111111111111111111111111111, sa_flags=SA_RESTART|SA_SIGINFO
SIGFPE: [libjvm.dylib+0x482594], sa_mask[0]=11111111111111111111111111111111, sa_flags=SA_RESTART|SA_SIGINFO
SIGPIPE: [libjvm.dylib+0x482594], sa_mask[0]=11111111111111111111111111111111, sa_flags=SA_RESTART|SA_SIGINFO
SIGXFSZ: [libjvm.dylib+0x482594], sa_mask[0]=11111111111111111111111111111111, sa_flags=SA_RESTART|SA_SIGINFO
SIGILL: [libjvm.dylib+0x482594], sa_mask[0]=11111111111111111111111111111111, sa_flags=SA_RESTART|SA_SIGINFO
SIGUSR1: SIG_DFL, sa_mask[0]=00000000000000000000000000000000, sa_flags=none
SIGUSR2: [libjvm.dylib+0x4820b2], sa_mask[0]=00100000000000000000000000000000, sa_flags=SA_RESTART|SA_SIGINFO
SIGHUP: [libjvm.dylib+0x480689], sa_mask[0]=11111111111111111111111111111111, sa_flags=SA_RESTART|SA_SIGINFO
SIGINT: [libjvm.dylib+0x480689], sa_mask[0]=11111111111111111111111111111111, sa_flags=SA_RESTART|SA_SIGINFO
SIGTERM: [libjvm.dylib+0x480689], sa_mask[0]=11111111111111111111111111111111, sa_flags=SA_RESTART|SA_SIGINFO
SIGQUIT: [libjvm.dylib+0x480689], sa_mask[0]=11111111111111111111111111111111, sa_flags=SA_RESTART|SA_SIGINFO


---------------  S Y S T E M  ---------------

OS:Bsduname:Darwin 20.3.0 Darwin Kernel Version 20.3.0: Thu Jan 21 00:06:51 PST 2021; root:xnu-7195.81.3~1/RELEASE_ARM64_T8101 x86_64
rlimit: STACK 8176k, CORE 0k, NPROC 2666, NOFILE 10240, AS infinity
load average:3.76 3.88 3.33

CPU:total 8 (1 cores per cpu, 1 threads per core) family 6 model 44 stepping 0, cmov, cx8, fxsr, mmx, sse, sse2, sse3, ssse3, sse4.1, sse4.2, popcnt, aes, clmul, tsc, tscinvbit, tscinv

Memory: 4k page, physical 16777216k(60548k free)

/proc/meminfo:


vm_info: Java HotSpot(TM) 64-Bit Server VM (25.91-b14) for bsd-amd64 JRE (1.8.0_91-b14), built on Apr  1 2016 01:03:00 by "java_re" with gcc 4.2.1 (Based on Apple Inc. build 5658) (LLVM build 2336.11.00)

time: Fri Feb 19 19:06:33 2021
elapsed time: 0 seconds (0d 0h 0m 0s)

